  main.cpp
C:\Program Files\Microsoft Visual Studio\2022\Community\VC\Tools\MSVC\14.44.35207\include\ranges(11): warning STL4038: The contents of <ranges> are available only with C++20 or later.
C:\Users\gerbe\CG-VC_2025-2026\Project CG & VC 2025-2026\main.cpp(301,28): warning C4244: 'initializing': conversion from 'double' to 'float', possible loss of data
C:\Users\gerbe\CG-VC_2025-2026\Project CG & VC 2025-2026\main.cpp(317,30): warning C4267: '=': conversion from 'size_t' to 'int', possible loss of data
  postProcessor.cpp
  Generating Code...
  Searching libraries
      Searching C:\Users\gerbe\CG-VC_2025-2026\Project CG & VC 2025-2026\external\glfw\lib-vc2022\glfw3.lib:
      Searching C:\Program Files (x86)\Windows Kits\10\lib\10.0.26100.0\um\x64\opengl32.lib:
      Searching C:\Program Files (x86)\Windows Kits\10\lib\10.0.26100.0\um\x64\kernel32.lib:
      Searching C:\Program Files (x86)\Windows Kits\10\lib\10.0.26100.0\um\x64\user32.lib:
      Searching C:\Program Files (x86)\Windows Kits\10\lib\10.0.26100.0\um\x64\gdi32.lib:
      Searching C:\Program Files (x86)\Windows Kits\10\lib\10.0.26100.0\um\x64\winspool.lib:
      Searching C:\Program Files (x86)\Windows Kits\10\lib\10.0.26100.0\um\x64\comdlg32.lib:
      Searching C:\Program Files (x86)\Windows Kits\10\lib\10.0.26100.0\um\x64\advapi32.lib:
      Searching C:\Program Files (x86)\Windows Kits\10\lib\10.0.26100.0\um\x64\shell32.lib:
      Searching C:\Program Files (x86)\Windows Kits\10\lib\10.0.26100.0\um\x64\ole32.lib:
      Searching C:\Program Files (x86)\Windows Kits\10\lib\10.0.26100.0\um\x64\oleaut32.lib:
      Searching C:\Program Files (x86)\Windows Kits\10\lib\10.0.26100.0\um\x64\uuid.lib:
      Searching C:\Program Files (x86)\Windows Kits\10\lib\10.0.26100.0\um\x64\odbc32.lib:
      Searching C:\Program Files (x86)\Windows Kits\10\lib\10.0.26100.0\um\x64\odbccp32.lib:
      Searching C:\Users\gerbe\vcpkg\installed\x64-windows\debug\lib\assimp-vc143-mtd.lib:
      Searching C:\Users\gerbe\vcpkg\installed\x64-windows\debug\lib\kubazip.lib:
      Searching C:\Users\gerbe\vcpkg\installed\x64-windows\debug\lib\minizip.lib:
      Searching C:\Users\gerbe\vcpkg\installed\x64-windows\debug\lib\poly2tri.lib:
      Searching C:\Users\gerbe\vcpkg\installed\x64-windows\debug\lib\polyclipping.lib:
      Searching C:\Users\gerbe\vcpkg\installed\x64-windows\debug\lib\pugixml.lib:
      Searching C:\Users\gerbe\vcpkg\installed\x64-windows\debug\lib\zd.lib:
      Searching C:\Program Files\Microsoft Visual Studio\2022\Community\VC\Tools\MSVC\14.44.35207\lib\x64\msvcprtd.lib:
      Searching C:\Program Files\Microsoft Visual Studio\2022\Community\VC\Tools\MSVC\14.44.35207\lib\x64\MSVCRTD.lib:
      Searching C:\Program Files\Microsoft Visual Studio\2022\Community\VC\Tools\MSVC\14.44.35207\lib\x64\OLDNAMES.lib:
      Searching C:\Program Files\Microsoft Visual Studio\2022\Community\VC\Tools\MSVC\14.44.35207\lib\x64\MSVCRT.lib:
      Searching C:\Program Files\Microsoft Visual Studio\2022\Community\VC\Tools\MSVC\14.44.35207\lib\x64\vcruntimed.lib:
      Searching C:\Program Files (x86)\Windows Kits\10\lib\10.0.26100.0\ucrt\x64\ucrtd.lib:
      Searching C:\Users\gerbe\CG-VC_2025-2026\Project CG & VC 2025-2026\external\glfw\lib-vc2022\glfw3.lib:
      Searching C:\Program Files (x86)\Windows Kits\10\lib\10.0.26100.0\um\x64\opengl32.lib:
      Searching C:\Program Files (x86)\Windows Kits\10\lib\10.0.26100.0\um\x64\kernel32.lib:
      Searching C:\Program Files (x86)\Windows Kits\10\lib\10.0.26100.0\um\x64\user32.lib:
      Searching C:\Program Files (x86)\Windows Kits\10\lib\10.0.26100.0\um\x64\gdi32.lib:
      Searching C:\Program Files (x86)\Windows Kits\10\lib\10.0.26100.0\um\x64\winspool.lib:
      Searching C:\Program Files (x86)\Windows Kits\10\lib\10.0.26100.0\um\x64\comdlg32.lib:
      Searching C:\Program Files (x86)\Windows Kits\10\lib\10.0.26100.0\um\x64\advapi32.lib:
      Searching C:\Program Files (x86)\Windows Kits\10\lib\10.0.26100.0\um\x64\shell32.lib:
      Searching C:\Program Files (x86)\Windows Kits\10\lib\10.0.26100.0\um\x64\ole32.lib:
      Searching C:\Program Files (x86)\Windows Kits\10\lib\10.0.26100.0\um\x64\oleaut32.lib:
      Searching C:\Program Files (x86)\Windows Kits\10\lib\10.0.26100.0\um\x64\uuid.lib:
      Searching C:\Program Files (x86)\Windows Kits\10\lib\10.0.26100.0\um\x64\odbc32.lib:
      Searching C:\Program Files (x86)\Windows Kits\10\lib\10.0.26100.0\um\x64\odbccp32.lib:
      Searching C:\Users\gerbe\vcpkg\installed\x64-windows\debug\lib\assimp-vc143-mtd.lib:
      Searching C:\Users\gerbe\vcpkg\installed\x64-windows\debug\lib\kubazip.lib:
      Searching C:\Users\gerbe\vcpkg\installed\x64-windows\debug\lib\minizip.lib:
      Searching C:\Users\gerbe\vcpkg\installed\x64-windows\debug\lib\poly2tri.lib:
      Searching C:\Users\gerbe\vcpkg\installed\x64-windows\debug\lib\polyclipping.lib:
      Searching C:\Users\gerbe\vcpkg\installed\x64-windows\debug\lib\pugixml.lib:
      Searching C:\Users\gerbe\vcpkg\installed\x64-windows\debug\lib\zd.lib:
      Searching C:\Program Files\Microsoft Visual Studio\2022\Community\VC\Tools\MSVC\14.44.35207\lib\x64\msvcprtd.lib:
      Searching C:\Program Files\Microsoft Visual Studio\2022\Community\VC\Tools\MSVC\14.44.35207\lib\x64\MSVCRTD.lib:
      Searching C:\Program Files\Microsoft Visual Studio\2022\Community\VC\Tools\MSVC\14.44.35207\lib\x64\OLDNAMES.lib:
      Searching C:\Program Files\Microsoft Visual Studio\2022\Community\VC\Tools\MSVC\14.44.35207\lib\x64\MSVCRT.lib:
      Searching C:\Program Files\Microsoft Visual Studio\2022\Community\VC\Tools\MSVC\14.44.35207\lib\x64\vcruntimed.lib:
      Searching C:\Program Files (x86)\Windows Kits\10\lib\10.0.26100.0\ucrt\x64\ucrtd.lib:
      Searching C:\Users\gerbe\CG-VC_2025-2026\Project CG & VC 2025-2026\external\glfw\lib-vc2022\glfw3.lib:
      Searching C:\Program Files (x86)\Windows Kits\10\lib\10.0.26100.0\um\x64\opengl32.lib:
  Finished searching libraries
LINK : warning LNK4098: defaultlib 'MSVCRT' conflicts with use of other libs; use /NODEFAULTLIB:library
  Searching libraries
      Searching C:\Users\gerbe\CG-VC_2025-2026\Project CG & VC 2025-2026\external\glfw\lib-vc2022\glfw3.lib:
      Searching C:\Program Files (x86)\Windows Kits\10\lib\10.0.26100.0\um\x64\opengl32.lib:
      Searching C:\Program Files (x86)\Windows Kits\10\lib\10.0.26100.0\um\x64\kernel32.lib:
      Searching C:\Program Files (x86)\Windows Kits\10\lib\10.0.26100.0\um\x64\user32.lib:
      Searching C:\Program Files (x86)\Windows Kits\10\lib\10.0.26100.0\um\x64\gdi32.lib:
      Searching C:\Program Files (x86)\Windows Kits\10\lib\10.0.26100.0\um\x64\winspool.lib:
      Searching C:\Program Files (x86)\Windows Kits\10\lib\10.0.26100.0\um\x64\comdlg32.lib:
      Searching C:\Program Files (x86)\Windows Kits\10\lib\10.0.26100.0\um\x64\advapi32.lib:
      Searching C:\Program Files (x86)\Windows Kits\10\lib\10.0.26100.0\um\x64\shell32.lib:
      Searching C:\Program Files (x86)\Windows Kits\10\lib\10.0.26100.0\um\x64\ole32.lib:
      Searching C:\Program Files (x86)\Windows Kits\10\lib\10.0.26100.0\um\x64\oleaut32.lib:
      Searching C:\Program Files (x86)\Windows Kits\10\lib\10.0.26100.0\um\x64\uuid.lib:
      Searching C:\Program Files (x86)\Windows Kits\10\lib\10.0.26100.0\um\x64\odbc32.lib:
      Searching C:\Program Files (x86)\Windows Kits\10\lib\10.0.26100.0\um\x64\odbccp32.lib:
      Searching C:\Users\gerbe\vcpkg\installed\x64-windows\debug\lib\assimp-vc143-mtd.lib:
      Searching C:\Users\gerbe\vcpkg\installed\x64-windows\debug\lib\kubazip.lib:
      Searching C:\Users\gerbe\vcpkg\installed\x64-windows\debug\lib\minizip.lib:
      Searching C:\Users\gerbe\vcpkg\installed\x64-windows\debug\lib\poly2tri.lib:
      Searching C:\Users\gerbe\vcpkg\installed\x64-windows\debug\lib\polyclipping.lib:
      Searching C:\Users\gerbe\vcpkg\installed\x64-windows\debug\lib\pugixml.lib:
      Searching C:\Users\gerbe\vcpkg\installed\x64-windows\debug\lib\zd.lib:
      Searching C:\Program Files\Microsoft Visual Studio\2022\Community\VC\Tools\MSVC\14.44.35207\lib\x64\msvcprtd.lib:
      Searching C:\Program Files\Microsoft Visual Studio\2022\Community\VC\Tools\MSVC\14.44.35207\lib\x64\MSVCRTD.lib:
      Searching C:\Program Files\Microsoft Visual Studio\2022\Community\VC\Tools\MSVC\14.44.35207\lib\x64\OLDNAMES.lib:
      Searching C:\Program Files\Microsoft Visual Studio\2022\Community\VC\Tools\MSVC\14.44.35207\lib\x64\MSVCRT.lib:
      Searching C:\Program Files\Microsoft Visual Studio\2022\Community\VC\Tools\MSVC\14.44.35207\lib\x64\vcruntimed.lib:
      Searching C:\Program Files (x86)\Windows Kits\10\lib\10.0.26100.0\ucrt\x64\ucrtd.lib:
  Finished searching libraries
  Searching libraries
      Searching C:\Users\gerbe\CG-VC_2025-2026\Project CG & VC 2025-2026\external\glfw\lib-vc2022\glfw3.lib:
      Searching C:\Program Files (x86)\Windows Kits\10\lib\10.0.26100.0\um\x64\opengl32.lib:
      Searching C:\Program Files (x86)\Windows Kits\10\lib\10.0.26100.0\um\x64\kernel32.lib:
      Searching C:\Program Files (x86)\Windows Kits\10\lib\10.0.26100.0\um\x64\user32.lib:
      Searching C:\Program Files (x86)\Windows Kits\10\lib\10.0.26100.0\um\x64\gdi32.lib:
      Searching C:\Program Files (x86)\Windows Kits\10\lib\10.0.26100.0\um\x64\winspool.lib:
      Searching C:\Program Files (x86)\Windows Kits\10\lib\10.0.26100.0\um\x64\comdlg32.lib:
      Searching C:\Program Files (x86)\Windows Kits\10\lib\10.0.26100.0\um\x64\advapi32.lib:
      Searching C:\Program Files (x86)\Windows Kits\10\lib\10.0.26100.0\um\x64\shell32.lib:
      Searching C:\Program Files (x86)\Windows Kits\10\lib\10.0.26100.0\um\x64\ole32.lib:
      Searching C:\Program Files (x86)\Windows Kits\10\lib\10.0.26100.0\um\x64\oleaut32.lib:
      Searching C:\Program Files (x86)\Windows Kits\10\lib\10.0.26100.0\um\x64\uuid.lib:
      Searching C:\Program Files (x86)\Windows Kits\10\lib\10.0.26100.0\um\x64\odbc32.lib:
      Searching C:\Program Files (x86)\Windows Kits\10\lib\10.0.26100.0\um\x64\odbccp32.lib:
      Searching C:\Users\gerbe\vcpkg\installed\x64-windows\debug\lib\assimp-vc143-mtd.lib:
      Searching C:\Users\gerbe\vcpkg\installed\x64-windows\debug\lib\kubazip.lib:
      Searching C:\Users\gerbe\vcpkg\installed\x64-windows\debug\lib\minizip.lib:
      Searching C:\Users\gerbe\vcpkg\installed\x64-windows\debug\lib\poly2tri.lib:
      Searching C:\Users\gerbe\vcpkg\installed\x64-windows\debug\lib\polyclipping.lib:
      Searching C:\Users\gerbe\vcpkg\installed\x64-windows\debug\lib\pugixml.lib:
      Searching C:\Users\gerbe\vcpkg\installed\x64-windows\debug\lib\zd.lib:
      Searching C:\Program Files\Microsoft Visual Studio\2022\Community\VC\Tools\MSVC\14.44.35207\lib\x64\msvcprtd.lib:
      Searching C:\Program Files\Microsoft Visual Studio\2022\Community\VC\Tools\MSVC\14.44.35207\lib\x64\MSVCRTD.lib:
      Searching C:\Program Files\Microsoft Visual Studio\2022\Community\VC\Tools\MSVC\14.44.35207\lib\x64\OLDNAMES.lib:
      Searching C:\Program Files\Microsoft Visual Studio\2022\Community\VC\Tools\MSVC\14.44.35207\lib\x64\MSVCRT.lib:
      Searching C:\Program Files\Microsoft Visual Studio\2022\Community\VC\Tools\MSVC\14.44.35207\lib\x64\vcruntimed.lib:
      Searching C:\Program Files (x86)\Windows Kits\10\lib\10.0.26100.0\ucrt\x64\ucrtd.lib:
  Finished searching libraries
  Searching libraries
      Searching C:\Users\gerbe\CG-VC_2025-2026\Project CG & VC 2025-2026\external\glfw\lib-vc2022\glfw3.lib:
      Searching C:\Program Files (x86)\Windows Kits\10\lib\10.0.26100.0\um\x64\opengl32.lib:
      Searching C:\Program Files (x86)\Windows Kits\10\lib\10.0.26100.0\um\x64\kernel32.lib:
      Searching C:\Program Files (x86)\Windows Kits\10\lib\10.0.26100.0\um\x64\user32.lib:
      Searching C:\Program Files (x86)\Windows Kits\10\lib\10.0.26100.0\um\x64\gdi32.lib:
      Searching C:\Program Files (x86)\Windows Kits\10\lib\10.0.26100.0\um\x64\winspool.lib:
      Searching C:\Program Files (x86)\Windows Kits\10\lib\10.0.26100.0\um\x64\comdlg32.lib:
      Searching C:\Program Files (x86)\Windows Kits\10\lib\10.0.26100.0\um\x64\advapi32.lib:
      Searching C:\Program Files (x86)\Windows Kits\10\lib\10.0.26100.0\um\x64\shell32.lib:
      Searching C:\Program Files (x86)\Windows Kits\10\lib\10.0.26100.0\um\x64\ole32.lib:
      Searching C:\Program Files (x86)\Windows Kits\10\lib\10.0.26100.0\um\x64\oleaut32.lib:
      Searching C:\Program Files (x86)\Windows Kits\10\lib\10.0.26100.0\um\x64\uuid.lib:
      Searching C:\Program Files (x86)\Windows Kits\10\lib\10.0.26100.0\um\x64\odbc32.lib:
      Searching C:\Program Files (x86)\Windows Kits\10\lib\10.0.26100.0\um\x64\odbccp32.lib:
      Searching C:\Users\gerbe\vcpkg\installed\x64-windows\debug\lib\assimp-vc143-mtd.lib:
      Searching C:\Users\gerbe\vcpkg\installed\x64-windows\debug\lib\kubazip.lib:
      Searching C:\Users\gerbe\vcpkg\installed\x64-windows\debug\lib\minizip.lib:
      Searching C:\Users\gerbe\vcpkg\installed\x64-windows\debug\lib\poly2tri.lib:
      Searching C:\Users\gerbe\vcpkg\installed\x64-windows\debug\lib\polyclipping.lib:
      Searching C:\Users\gerbe\vcpkg\installed\x64-windows\debug\lib\pugixml.lib:
      Searching C:\Users\gerbe\vcpkg\installed\x64-windows\debug\lib\zd.lib:
      Searching C:\Program Files\Microsoft Visual Studio\2022\Community\VC\Tools\MSVC\14.44.35207\lib\x64\msvcprtd.lib:
      Searching C:\Program Files\Microsoft Visual Studio\2022\Community\VC\Tools\MSVC\14.44.35207\lib\x64\MSVCRTD.lib:
      Searching C:\Program Files\Microsoft Visual Studio\2022\Community\VC\Tools\MSVC\14.44.35207\lib\x64\OLDNAMES.lib:
      Searching C:\Program Files\Microsoft Visual Studio\2022\Community\VC\Tools\MSVC\14.44.35207\lib\x64\MSVCRT.lib:
      Searching C:\Program Files\Microsoft Visual Studio\2022\Community\VC\Tools\MSVC\14.44.35207\lib\x64\vcruntimed.lib:
      Searching C:\Program Files (x86)\Windows Kits\10\lib\10.0.26100.0\ucrt\x64\ucrtd.lib:
  Finished searching libraries
  Searching libraries
      Searching C:\Users\gerbe\CG-VC_2025-2026\Project CG & VC 2025-2026\external\glfw\lib-vc2022\glfw3.lib:
      Searching C:\Program Files (x86)\Windows Kits\10\lib\10.0.26100.0\um\x64\opengl32.lib:
      Searching C:\Program Files (x86)\Windows Kits\10\lib\10.0.26100.0\um\x64\kernel32.lib:
      Searching C:\Program Files (x86)\Windows Kits\10\lib\10.0.26100.0\um\x64\user32.lib:
      Searching C:\Program Files (x86)\Windows Kits\10\lib\10.0.26100.0\um\x64\gdi32.lib:
      Searching C:\Program Files (x86)\Windows Kits\10\lib\10.0.26100.0\um\x64\winspool.lib:
      Searching C:\Program Files (x86)\Windows Kits\10\lib\10.0.26100.0\um\x64\comdlg32.lib:
      Searching C:\Program Files (x86)\Windows Kits\10\lib\10.0.26100.0\um\x64\advapi32.lib:
      Searching C:\Program Files (x86)\Windows Kits\10\lib\10.0.26100.0\um\x64\shell32.lib:
      Searching C:\Program Files (x86)\Windows Kits\10\lib\10.0.26100.0\um\x64\ole32.lib:
      Searching C:\Program Files (x86)\Windows Kits\10\lib\10.0.26100.0\um\x64\oleaut32.lib:
      Searching C:\Program Files (x86)\Windows Kits\10\lib\10.0.26100.0\um\x64\uuid.lib:
      Searching C:\Program Files (x86)\Windows Kits\10\lib\10.0.26100.0\um\x64\odbc32.lib:
      Searching C:\Program Files (x86)\Windows Kits\10\lib\10.0.26100.0\um\x64\odbccp32.lib:
      Searching C:\Users\gerbe\vcpkg\installed\x64-windows\debug\lib\assimp-vc143-mtd.lib:
      Searching C:\Users\gerbe\vcpkg\installed\x64-windows\debug\lib\kubazip.lib:
      Searching C:\Users\gerbe\vcpkg\installed\x64-windows\debug\lib\minizip.lib:
      Searching C:\Users\gerbe\vcpkg\installed\x64-windows\debug\lib\poly2tri.lib:
      Searching C:\Users\gerbe\vcpkg\installed\x64-windows\debug\lib\polyclipping.lib:
      Searching C:\Users\gerbe\vcpkg\installed\x64-windows\debug\lib\pugixml.lib:
      Searching C:\Users\gerbe\vcpkg\installed\x64-windows\debug\lib\zd.lib:
      Searching C:\Program Files\Microsoft Visual Studio\2022\Community\VC\Tools\MSVC\14.44.35207\lib\x64\msvcprtd.lib:
      Searching C:\Program Files\Microsoft Visual Studio\2022\Community\VC\Tools\MSVC\14.44.35207\lib\x64\MSVCRTD.lib:
      Searching C:\Program Files\Microsoft Visual Studio\2022\Community\VC\Tools\MSVC\14.44.35207\lib\x64\OLDNAMES.lib:
      Searching C:\Program Files\Microsoft Visual Studio\2022\Community\VC\Tools\MSVC\14.44.35207\lib\x64\MSVCRT.lib:
      Searching C:\Program Files\Microsoft Visual Studio\2022\Community\VC\Tools\MSVC\14.44.35207\lib\x64\vcruntimed.lib:
  Finished searching libraries
  Project CG & VC 2025-2026.vcxproj -> C:\Users\gerbe\CG-VC_2025-2026\Project CG & VC 2025-2026\x64\Debug\Project CG & VC 2025-2026.exe
  'pwsh.exe' is not recognized as an internal or external command,
  operable program or batch file.
